-------------------------------------------------------------------------------
Test set: com.taxifleet.services.BookingServiceTest
-------------------------------------------------------------------------------
Tests run: 6, Failures: 0, Errors: 1, Skipped: 0, Time elapsed: 0.694 s <<< FAILURE! - in com.taxifleet.services.BookingServiceTest
com.taxifleet.services.BookingServiceTest.testDispatchBookingWithValidStrategy  Time elapsed: 0.009 s  <<< ERROR!
org.mockito.exceptions.misusing.InvalidUseOfMatchersException: 

Invalid use of argument matchers!
1 matchers expected, 3 recorded:
-> at com.taxifleet.services.BookingServiceTest.testDispatchBookingWithValidStrategy(BookingServiceTest.java:43)
-> at com.taxifleet.services.BookingServiceTest.testDispatchBookingWithValidStrategy(BookingServiceTest.java:43)
-> at com.taxifleet.services.BookingServiceTest.testDispatchBookingWithValidStrategy(BookingServiceTest.java:44)

This exception may occur if matchers are combined with raw values:
    //incorrect:
    someMethod(any(), "raw String");
When using matchers, all arguments have to be provided by matchers.
For example:
    //correct:
    someMethod(any(), eq("String by matcher"));

For more info see javadoc for Matchers class.

	at com.taxifleet.services.BookingServiceTest.testDispatchBookingWithValidStrategy(BookingServiceTest.java:44)

