<?xml version="1.0" encoding="UTF-8"?>
<testsuite xmlns:xsi="http://www.w3.org/2001/XMLSchema-instance" xsi:noNamespaceSchemaLocation="https://maven.apache.org/surefire/maven-surefire-plugin/xsd/surefire-test-report-3.0.xsd" version="3.0" name="com.taxifleet.services.BookingServiceTest" time="0.694" tests="6" errors="1" skipped="0" failures="0">
  <properties>
[...]
</properties>
  <testcase name="testGetBookings" classname="com.taxifleet.services.BookingServiceTest" time="0.635"/>
  <testcase name="testDispatchBookingWithNullStrategy" classname="com.taxifleet.services.BookingServiceTest" time="0.003"/>
  <testcase name="testCreateBooking" classname="com.taxifleet.services.BookingServiceTest" time="0.004"/>
  <testcase name="testGetBooking" classname="com.taxifleet.services.BookingServiceTest" time="0.003"/>
  <testcase name="testDeleteBooking" classname="com.taxifleet.services.BookingServiceTest" time="0.004"/>
  <testcase name="testDispatchBookingWithValidStrategy" classname="com.taxifleet.services.BookingServiceTest" time="0.009">
    <error type="org.mockito.exceptions.misusing.InvalidUseOfMatchersException"><![CDATA[org.mockito.exceptions.misusing.InvalidUseOfMatchersException: 

Invalid use of argument matchers!
1 matchers expected, 3 recorded:
-> at com.taxifleet.services.BookingServiceTest.testDispatchBookingWithValidStrategy(BookingServiceTest.java:43)
-> at com.taxifleet.services.BookingServiceTest.testDispatchBookingWithValidStrategy(BookingServiceTest.java:43)
-> at com.taxifleet.services.BookingServiceTest.testDispatchBookingWithValidStrategy(BookingServiceTest.java:44)

This exception may occur if matchers are combined with raw values:
    //incorrect:
    someMethod(any(), "raw String");
When using matchers, all arguments have to be provided by matchers.
For example:
    //correct:
    someMethod(any(), eq("String by matcher"));

For more info see javadoc for Matchers class.

	at com.taxifleet.services.BookingServiceTest.testDispatchBookingWithValidStrategy(BookingServiceTest.java:44)
]]></error>
  </testcase>
</testsuite>